I, [2015-01-15T18:54:51.433351 #50211]  INFO -- Kitchen: -----> Starting Kitchen (v1.3.0)
I, [2015-01-15T18:54:52.114875 #50211]  INFO -- Kitchen: -----> Creating <default-win>...
I, [2015-01-15T18:56:17.987137 #50211]  INFO -- Kitchen: -----> Converging <default-win>...
E, [2015-01-15T18:56:39.839656 #50211] ERROR -- Kitchen: ------Exception-------
E, [2015-01-15T18:56:39.839705 #50211] ERROR -- Kitchen: Class: Kitchen::ActionFailed
E, [2015-01-15T18:56:39.839744 #50211] ERROR -- Kitchen: Message: Failed to complete #converge action: [Transport WinRM exited (1) using shell [powershell] for
              command: [chef-client --local-mode --config /tmp/kitchen/client.rb --log_level info --chef-zero-port 8889 --json-attributes /tmp/kitchen/dna.json]
REMOTE ERROR:
]
E, [2015-01-15T18:56:39.839769 #50211] ERROR -- Kitchen: ---Nested Exception---
E, [2015-01-15T18:56:39.839804 #50211] ERROR -- Kitchen: Class: Kitchen::Transport::TransportFailed
E, [2015-01-15T18:56:39.839834 #50211] ERROR -- Kitchen: Message: Transport WinRM exited (1) using shell [powershell] for
              command: [chef-client --local-mode --config /tmp/kitchen/client.rb --log_level info --chef-zero-port 8889 --json-attributes /tmp/kitchen/dna.json]
REMOTE ERROR:

E, [2015-01-15T18:56:39.839858 #50211] ERROR -- Kitchen: ------Backtrace-------
E, [2015-01-15T18:56:39.839882 #50211] ERROR -- Kitchen: /Users/apop/.chefdk/gem/ruby/2.1.0/bundler/gems/test-kitchen-b575957073ed/lib/kitchen/transport/winrm.rb:55:in `execute'
E, [2015-01-15T18:56:39.839906 #50211] ERROR -- Kitchen: /Users/apop/.chefdk/gem/ruby/2.1.0/bundler/gems/test-kitchen-b575957073ed/lib/kitchen/driver/base.rb:74:in `block in converge'
E, [2015-01-15T18:56:39.839940 #50211] ERROR -- Kitchen: /Users/apop/.chefdk/gem/ruby/2.1.0/bundler/gems/test-kitchen-b575957073ed/lib/kitchen/transport/base.rb:73:in `connection'
E, [2015-01-15T18:56:39.839971 #50211] ERROR -- Kitchen: /Users/apop/.chefdk/gem/ruby/2.1.0/bundler/gems/test-kitchen-b575957073ed/lib/kitchen/driver/base.rb:68:in `converge'
E, [2015-01-15T18:56:39.839993 #50211] ERROR -- Kitchen: /Users/apop/.chefdk/gem/ruby/2.1.0/bundler/gems/kitchen-vagrant-246bfde2369b/lib/kitchen/driver/vagrant.rb:79:in `converge'
E, [2015-01-15T18:56:39.840016 #50211] ERROR -- Kitchen: /Users/apop/.chefdk/gem/ruby/2.1.0/bundler/gems/test-kitchen-b575957073ed/lib/kitchen/instance.rb:373:in `public_send'
E, [2015-01-15T18:56:39.840040 #50211] ERROR -- Kitchen: /Users/apop/.chefdk/gem/ruby/2.1.0/bundler/gems/test-kitchen-b575957073ed/lib/kitchen/instance.rb:373:in `block in perform_action'
E, [2015-01-15T18:56:39.840072 #50211] ERROR -- Kitchen: /Users/apop/.chefdk/gem/ruby/2.1.0/bundler/gems/test-kitchen-b575957073ed/lib/kitchen/instance.rb:437:in `call'
E, [2015-01-15T18:56:39.840126 #50211] ERROR -- Kitchen: /Users/apop/.chefdk/gem/ruby/2.1.0/bundler/gems/test-kitchen-b575957073ed/lib/kitchen/instance.rb:437:in `synchronize_or_call'
E, [2015-01-15T18:56:39.840149 #50211] ERROR -- Kitchen: /Users/apop/.chefdk/gem/ruby/2.1.0/bundler/gems/test-kitchen-b575957073ed/lib/kitchen/instance.rb:402:in `block in action'
E, [2015-01-15T18:56:39.840172 #50211] ERROR -- Kitchen: /opt/chefdk/embedded/lib/ruby/2.1.0/benchmark.rb:279:in `measure'
E, [2015-01-15T18:56:39.840271 #50211] ERROR -- Kitchen: /Users/apop/.chefdk/gem/ruby/2.1.0/bundler/gems/test-kitchen-b575957073ed/lib/kitchen/instance.rb:401:in `action'
E, [2015-01-15T18:56:39.840297 #50211] ERROR -- Kitchen: /Users/apop/.chefdk/gem/ruby/2.1.0/bundler/gems/test-kitchen-b575957073ed/lib/kitchen/instance.rb:373:in `perform_action'
E, [2015-01-15T18:56:39.840321 #50211] ERROR -- Kitchen: /Users/apop/.chefdk/gem/ruby/2.1.0/bundler/gems/test-kitchen-b575957073ed/lib/kitchen/instance.rb:333:in `converge_action'
E, [2015-01-15T18:56:39.840347 #50211] ERROR -- Kitchen: /Users/apop/.chefdk/gem/ruby/2.1.0/bundler/gems/test-kitchen-b575957073ed/lib/kitchen/instance.rb:313:in `block in transition_to'
E, [2015-01-15T18:56:39.840370 #50211] ERROR -- Kitchen: /Users/apop/.chefdk/gem/ruby/2.1.0/bundler/gems/test-kitchen-b575957073ed/lib/kitchen/instance.rb:312:in `each'
E, [2015-01-15T18:56:39.840403 #50211] ERROR -- Kitchen: /Users/apop/.chefdk/gem/ruby/2.1.0/bundler/gems/test-kitchen-b575957073ed/lib/kitchen/instance.rb:312:in `transition_to'
E, [2015-01-15T18:56:39.840431 #50211] ERROR -- Kitchen: /Users/apop/.chefdk/gem/ruby/2.1.0/bundler/gems/test-kitchen-b575957073ed/lib/kitchen/instance.rb:138:in `converge'
E, [2015-01-15T18:56:39.840455 #50211] ERROR -- Kitchen: /Users/apop/.chefdk/gem/ruby/2.1.0/bundler/gems/test-kitchen-b575957073ed/lib/kitchen/command.rb:176:in `public_send'
E, [2015-01-15T18:56:39.840480 #50211] ERROR -- Kitchen: /Users/apop/.chefdk/gem/ruby/2.1.0/bundler/gems/test-kitchen-b575957073ed/lib/kitchen/command.rb:176:in `block (2 levels) in run_action'
E, [2015-01-15T18:56:39.840503 #50211] ERROR -- Kitchen: /Users/apop/.chefdk/gem/ruby/2.1.0/gems/logging-1.8.2/lib/logging/diagnostic_context.rb:323:in `call'
E, [2015-01-15T18:56:39.840528 #50211] ERROR -- Kitchen: /Users/apop/.chefdk/gem/ruby/2.1.0/gems/logging-1.8.2/lib/logging/diagnostic_context.rb:323:in `block in create_with_logging_context'
E, [2015-01-15T18:56:39.840549 #50211] ERROR -- Kitchen: ----------------------
I, [2015-01-15T18:58:12.326755 #50382]  INFO -- Kitchen: -----> Starting Kitchen (v1.3.0)
I, [2015-01-15T18:58:13.013343 #50382]  INFO -- Kitchen: -----> Converging <default-win>...
E, [2015-01-15T18:58:26.341917 #50382] ERROR -- Kitchen: ------Exception-------
E, [2015-01-15T18:58:26.341949 #50382] ERROR -- Kitchen: Class: Kitchen::ActionFailed
E, [2015-01-15T18:58:26.341963 #50382] ERROR -- Kitchen: Message: Failed to complete #converge action: [Transport WinRM exited (1) using shell [powershell] for
              command: [chef-client --local-mode --config /tmp/kitchen/client.rb --log_level info --chef-zero-port 8889 --json-attributes /tmp/kitchen/dna.json]
REMOTE ERROR:
]
E, [2015-01-15T18:58:26.341975 #50382] ERROR -- Kitchen: ---Nested Exception---
E, [2015-01-15T18:58:26.341985 #50382] ERROR -- Kitchen: Class: Kitchen::Transport::TransportFailed
E, [2015-01-15T18:58:26.341995 #50382] ERROR -- Kitchen: Message: Transport WinRM exited (1) using shell [powershell] for
              command: [chef-client --local-mode --config /tmp/kitchen/client.rb --log_level info --chef-zero-port 8889 --json-attributes /tmp/kitchen/dna.json]
REMOTE ERROR:

E, [2015-01-15T18:58:26.342005 #50382] ERROR -- Kitchen: ------Backtrace-------
E, [2015-01-15T18:58:26.342014 #50382] ERROR -- Kitchen: /Users/apop/.chefdk/gem/ruby/2.1.0/bundler/gems/test-kitchen-b575957073ed/lib/kitchen/transport/winrm.rb:55:in `execute'
E, [2015-01-15T18:58:26.342024 #50382] ERROR -- Kitchen: /Users/apop/.chefdk/gem/ruby/2.1.0/bundler/gems/test-kitchen-b575957073ed/lib/kitchen/driver/base.rb:74:in `block in converge'
E, [2015-01-15T18:58:26.342034 #50382] ERROR -- Kitchen: /Users/apop/.chefdk/gem/ruby/2.1.0/bundler/gems/test-kitchen-b575957073ed/lib/kitchen/transport/base.rb:73:in `connection'
E, [2015-01-15T18:58:26.342044 #50382] ERROR -- Kitchen: /Users/apop/.chefdk/gem/ruby/2.1.0/bundler/gems/test-kitchen-b575957073ed/lib/kitchen/driver/base.rb:68:in `converge'
E, [2015-01-15T18:58:26.342053 #50382] ERROR -- Kitchen: /Users/apop/.chefdk/gem/ruby/2.1.0/bundler/gems/kitchen-vagrant-246bfde2369b/lib/kitchen/driver/vagrant.rb:79:in `converge'
E, [2015-01-15T18:58:26.342063 #50382] ERROR -- Kitchen: /Users/apop/.chefdk/gem/ruby/2.1.0/bundler/gems/test-kitchen-b575957073ed/lib/kitchen/instance.rb:373:in `public_send'
E, [2015-01-15T18:58:26.342072 #50382] ERROR -- Kitchen: /Users/apop/.chefdk/gem/ruby/2.1.0/bundler/gems/test-kitchen-b575957073ed/lib/kitchen/instance.rb:373:in `block in perform_action'
E, [2015-01-15T18:58:26.342117 #50382] ERROR -- Kitchen: /Users/apop/.chefdk/gem/ruby/2.1.0/bundler/gems/test-kitchen-b575957073ed/lib/kitchen/instance.rb:437:in `call'
E, [2015-01-15T18:58:26.342153 #50382] ERROR -- Kitchen: /Users/apop/.chefdk/gem/ruby/2.1.0/bundler/gems/test-kitchen-b575957073ed/lib/kitchen/instance.rb:437:in `synchronize_or_call'
E, [2015-01-15T18:58:26.342163 #50382] ERROR -- Kitchen: /Users/apop/.chefdk/gem/ruby/2.1.0/bundler/gems/test-kitchen-b575957073ed/lib/kitchen/instance.rb:402:in `block in action'
E, [2015-01-15T18:58:26.342180 #50382] ERROR -- Kitchen: /opt/chefdk/embedded/lib/ruby/2.1.0/benchmark.rb:279:in `measure'
E, [2015-01-15T18:58:26.342191 #50382] ERROR -- Kitchen: /Users/apop/.chefdk/gem/ruby/2.1.0/bundler/gems/test-kitchen-b575957073ed/lib/kitchen/instance.rb:401:in `action'
E, [2015-01-15T18:58:26.342200 #50382] ERROR -- Kitchen: /Users/apop/.chefdk/gem/ruby/2.1.0/bundler/gems/test-kitchen-b575957073ed/lib/kitchen/instance.rb:373:in `perform_action'
E, [2015-01-15T18:58:26.342209 #50382] ERROR -- Kitchen: /Users/apop/.chefdk/gem/ruby/2.1.0/bundler/gems/test-kitchen-b575957073ed/lib/kitchen/instance.rb:333:in `converge_action'
E, [2015-01-15T18:58:26.342218 #50382] ERROR -- Kitchen: /Users/apop/.chefdk/gem/ruby/2.1.0/bundler/gems/test-kitchen-b575957073ed/lib/kitchen/instance.rb:313:in `block in transition_to'
E, [2015-01-15T18:58:26.342227 #50382] ERROR -- Kitchen: /Users/apop/.chefdk/gem/ruby/2.1.0/bundler/gems/test-kitchen-b575957073ed/lib/kitchen/instance.rb:312:in `each'
E, [2015-01-15T18:58:26.342235 #50382] ERROR -- Kitchen: /Users/apop/.chefdk/gem/ruby/2.1.0/bundler/gems/test-kitchen-b575957073ed/lib/kitchen/instance.rb:312:in `transition_to'
E, [2015-01-15T18:58:26.342244 #50382] ERROR -- Kitchen: /Users/apop/.chefdk/gem/ruby/2.1.0/bundler/gems/test-kitchen-b575957073ed/lib/kitchen/instance.rb:138:in `converge'
E, [2015-01-15T18:58:26.342253 #50382] ERROR -- Kitchen: /Users/apop/.chefdk/gem/ruby/2.1.0/bundler/gems/test-kitchen-b575957073ed/lib/kitchen/command.rb:176:in `public_send'
E, [2015-01-15T18:58:26.342262 #50382] ERROR -- Kitchen: /Users/apop/.chefdk/gem/ruby/2.1.0/bundler/gems/test-kitchen-b575957073ed/lib/kitchen/command.rb:176:in `block (2 levels) in run_action'
E, [2015-01-15T18:58:26.342270 #50382] ERROR -- Kitchen: /Users/apop/.chefdk/gem/ruby/2.1.0/gems/logging-1.8.2/lib/logging/diagnostic_context.rb:323:in `call'
E, [2015-01-15T18:58:26.342279 #50382] ERROR -- Kitchen: /Users/apop/.chefdk/gem/ruby/2.1.0/gems/logging-1.8.2/lib/logging/diagnostic_context.rb:323:in `block in create_with_logging_context'
E, [2015-01-15T18:58:26.342288 #50382] ERROR -- Kitchen: ----------------------
I, [2015-01-15T18:58:46.564768 #50462]  INFO -- Kitchen: -----> Starting Kitchen (v1.3.0)
I, [2015-01-15T18:58:47.329560 #50462]  INFO -- Kitchen: -----> Converging <default-win>...
E, [2015-01-15T18:59:17.837214 #50462] ERROR -- Kitchen: ------Exception-------
E, [2015-01-15T18:59:17.837248 #50462] ERROR -- Kitchen: Class: Kitchen::ActionFailed
E, [2015-01-15T18:59:17.837264 #50462] ERROR -- Kitchen: Message: Failed to complete #converge action: [Transport WinRM exited (1) using shell [powershell] for
              command: [chef-client --local-mode --config /tmp/kitchen/client.rb --log_level info --chef-zero-port 8889 --json-attributes /tmp/kitchen/dna.json]
REMOTE ERROR:
]
E, [2015-01-15T18:59:17.837279 #50462] ERROR -- Kitchen: ---Nested Exception---
E, [2015-01-15T18:59:17.837291 #50462] ERROR -- Kitchen: Class: Kitchen::Transport::TransportFailed
E, [2015-01-15T18:59:17.837305 #50462] ERROR -- Kitchen: Message: Transport WinRM exited (1) using shell [powershell] for
              command: [chef-client --local-mode --config /tmp/kitchen/client.rb --log_level info --chef-zero-port 8889 --json-attributes /tmp/kitchen/dna.json]
REMOTE ERROR:

E, [2015-01-15T18:59:17.837325 #50462] ERROR -- Kitchen: ------Backtrace-------
E, [2015-01-15T18:59:17.837335 #50462] ERROR -- Kitchen: /Users/apop/.chefdk/gem/ruby/2.1.0/bundler/gems/test-kitchen-b575957073ed/lib/kitchen/transport/winrm.rb:55:in `execute'
E, [2015-01-15T18:59:17.837363 #50462] ERROR -- Kitchen: /Users/apop/.chefdk/gem/ruby/2.1.0/bundler/gems/test-kitchen-b575957073ed/lib/kitchen/driver/base.rb:74:in `block in converge'
E, [2015-01-15T18:59:17.837374 #50462] ERROR -- Kitchen: /Users/apop/.chefdk/gem/ruby/2.1.0/bundler/gems/test-kitchen-b575957073ed/lib/kitchen/transport/base.rb:73:in `connection'
E, [2015-01-15T18:59:17.837384 #50462] ERROR -- Kitchen: /Users/apop/.chefdk/gem/ruby/2.1.0/bundler/gems/test-kitchen-b575957073ed/lib/kitchen/driver/base.rb:68:in `converge'
E, [2015-01-15T18:59:17.837403 #50462] ERROR -- Kitchen: /Users/apop/.chefdk/gem/ruby/2.1.0/bundler/gems/kitchen-vagrant-246bfde2369b/lib/kitchen/driver/vagrant.rb:79:in `converge'
E, [2015-01-15T18:59:17.837415 #50462] ERROR -- Kitchen: /Users/apop/.chefdk/gem/ruby/2.1.0/bundler/gems/test-kitchen-b575957073ed/lib/kitchen/instance.rb:373:in `public_send'
E, [2015-01-15T18:59:17.837426 #50462] ERROR -- Kitchen: /Users/apop/.chefdk/gem/ruby/2.1.0/bundler/gems/test-kitchen-b575957073ed/lib/kitchen/instance.rb:373:in `block in perform_action'
E, [2015-01-15T18:59:17.837435 #50462] ERROR -- Kitchen: /Users/apop/.chefdk/gem/ruby/2.1.0/bundler/gems/test-kitchen-b575957073ed/lib/kitchen/instance.rb:437:in `call'
E, [2015-01-15T18:59:17.837445 #50462] ERROR -- Kitchen: /Users/apop/.chefdk/gem/ruby/2.1.0/bundler/gems/test-kitchen-b575957073ed/lib/kitchen/instance.rb:437:in `synchronize_or_call'
E, [2015-01-15T18:59:17.837455 #50462] ERROR -- Kitchen: /Users/apop/.chefdk/gem/ruby/2.1.0/bundler/gems/test-kitchen-b575957073ed/lib/kitchen/instance.rb:402:in `block in action'
E, [2015-01-15T18:59:17.837465 #50462] ERROR -- Kitchen: /opt/chefdk/embedded/lib/ruby/2.1.0/benchmark.rb:279:in `measure'
E, [2015-01-15T18:59:17.837492 #50462] ERROR -- Kitchen: /Users/apop/.chefdk/gem/ruby/2.1.0/bundler/gems/test-kitchen-b575957073ed/lib/kitchen/instance.rb:401:in `action'
E, [2015-01-15T18:59:17.837502 #50462] ERROR -- Kitchen: /Users/apop/.chefdk/gem/ruby/2.1.0/bundler/gems/test-kitchen-b575957073ed/lib/kitchen/instance.rb:373:in `perform_action'
E, [2015-01-15T18:59:17.837512 #50462] ERROR -- Kitchen: /Users/apop/.chefdk/gem/ruby/2.1.0/bundler/gems/test-kitchen-b575957073ed/lib/kitchen/instance.rb:333:in `converge_action'
E, [2015-01-15T18:59:17.837522 #50462] ERROR -- Kitchen: /Users/apop/.chefdk/gem/ruby/2.1.0/bundler/gems/test-kitchen-b575957073ed/lib/kitchen/instance.rb:313:in `block in transition_to'
E, [2015-01-15T18:59:17.837532 #50462] ERROR -- Kitchen: /Users/apop/.chefdk/gem/ruby/2.1.0/bundler/gems/test-kitchen-b575957073ed/lib/kitchen/instance.rb:312:in `each'
E, [2015-01-15T18:59:17.837542 #50462] ERROR -- Kitchen: /Users/apop/.chefdk/gem/ruby/2.1.0/bundler/gems/test-kitchen-b575957073ed/lib/kitchen/instance.rb:312:in `transition_to'
E, [2015-01-15T18:59:17.837552 #50462] ERROR -- Kitchen: /Users/apop/.chefdk/gem/ruby/2.1.0/bundler/gems/test-kitchen-b575957073ed/lib/kitchen/instance.rb:138:in `converge'
E, [2015-01-15T18:59:17.837563 #50462] ERROR -- Kitchen: /Users/apop/.chefdk/gem/ruby/2.1.0/bundler/gems/test-kitchen-b575957073ed/lib/kitchen/command.rb:176:in `public_send'
E, [2015-01-15T18:59:17.837573 #50462] ERROR -- Kitchen: /Users/apop/.chefdk/gem/ruby/2.1.0/bundler/gems/test-kitchen-b575957073ed/lib/kitchen/command.rb:176:in `block (2 levels) in run_action'
E, [2015-01-15T18:59:17.837583 #50462] ERROR -- Kitchen: /Users/apop/.chefdk/gem/ruby/2.1.0/gems/logging-1.8.2/lib/logging/diagnostic_context.rb:323:in `call'
E, [2015-01-15T18:59:17.837593 #50462] ERROR -- Kitchen: /Users/apop/.chefdk/gem/ruby/2.1.0/gems/logging-1.8.2/lib/logging/diagnostic_context.rb:323:in `block in create_with_logging_context'
E, [2015-01-15T18:59:17.837620 #50462] ERROR -- Kitchen: ----------------------
I, [2015-01-15T19:05:30.806251 #50497]  INFO -- Kitchen: -----> Starting Kitchen (v1.3.0)
I, [2015-01-15T19:05:31.728601 #50497]  INFO -- Kitchen: -----> Converging <default-win>...
E, [2015-01-15T19:05:53.817435 #50497] ERROR -- Kitchen: ------Exception-------
E, [2015-01-15T19:05:53.817480 #50497] ERROR -- Kitchen: Class: Kitchen::ActionFailed
E, [2015-01-15T19:05:53.817505 #50497] ERROR -- Kitchen: Message: Failed to complete #converge action: [Transport WinRM exited (1) using shell [powershell] for
              command: [chef-client --local-mode --config /tmp/kitchen/client.rb --log_level info --chef-zero-port 8889 --json-attributes /tmp/kitchen/dna.json]
REMOTE ERROR:
]
E, [2015-01-15T19:05:53.817527 #50497] ERROR -- Kitchen: ---Nested Exception---
E, [2015-01-15T19:05:53.817558 #50497] ERROR -- Kitchen: Class: Kitchen::Transport::TransportFailed
E, [2015-01-15T19:05:53.817582 #50497] ERROR -- Kitchen: Message: Transport WinRM exited (1) using shell [powershell] for
              command: [chef-client --local-mode --config /tmp/kitchen/client.rb --log_level info --chef-zero-port 8889 --json-attributes /tmp/kitchen/dna.json]
REMOTE ERROR:

E, [2015-01-15T19:05:53.817629 #50497] ERROR -- Kitchen: ------Backtrace-------
E, [2015-01-15T19:05:53.817640 #50497] ERROR -- Kitchen: /Users/apop/.chefdk/gem/ruby/2.1.0/bundler/gems/test-kitchen-b575957073ed/lib/kitchen/transport/winrm.rb:55:in `execute'
E, [2015-01-15T19:05:53.817650 #50497] ERROR -- Kitchen: /Users/apop/.chefdk/gem/ruby/2.1.0/bundler/gems/test-kitchen-b575957073ed/lib/kitchen/driver/base.rb:74:in `block in converge'
E, [2015-01-15T19:05:53.817660 #50497] ERROR -- Kitchen: /Users/apop/.chefdk/gem/ruby/2.1.0/bundler/gems/test-kitchen-b575957073ed/lib/kitchen/transport/base.rb:73:in `connection'
E, [2015-01-15T19:05:53.817670 #50497] ERROR -- Kitchen: /Users/apop/.chefdk/gem/ruby/2.1.0/bundler/gems/test-kitchen-b575957073ed/lib/kitchen/driver/base.rb:68:in `converge'
E, [2015-01-15T19:05:53.817680 #50497] ERROR -- Kitchen: /Users/apop/.chefdk/gem/ruby/2.1.0/bundler/gems/kitchen-vagrant-246bfde2369b/lib/kitchen/driver/vagrant.rb:79:in `converge'
E, [2015-01-15T19:05:53.817690 #50497] ERROR -- Kitchen: /Users/apop/.chefdk/gem/ruby/2.1.0/bundler/gems/test-kitchen-b575957073ed/lib/kitchen/instance.rb:373:in `public_send'
E, [2015-01-15T19:05:53.817699 #50497] ERROR -- Kitchen: /Users/apop/.chefdk/gem/ruby/2.1.0/bundler/gems/test-kitchen-b575957073ed/lib/kitchen/instance.rb:373:in `block in perform_action'
E, [2015-01-15T19:05:53.817735 #50497] ERROR -- Kitchen: /Users/apop/.chefdk/gem/ruby/2.1.0/bundler/gems/test-kitchen-b575957073ed/lib/kitchen/instance.rb:437:in `call'
E, [2015-01-15T19:05:53.817745 #50497] ERROR -- Kitchen: /Users/apop/.chefdk/gem/ruby/2.1.0/bundler/gems/test-kitchen-b575957073ed/lib/kitchen/instance.rb:437:in `synchronize_or_call'
E, [2015-01-15T19:05:53.817756 #50497] ERROR -- Kitchen: /Users/apop/.chefdk/gem/ruby/2.1.0/bundler/gems/test-kitchen-b575957073ed/lib/kitchen/instance.rb:402:in `block in action'
E, [2015-01-15T19:05:53.817766 #50497] ERROR -- Kitchen: /opt/chefdk/embedded/lib/ruby/2.1.0/benchmark.rb:279:in `measure'
E, [2015-01-15T19:05:53.817776 #50497] ERROR -- Kitchen: /Users/apop/.chefdk/gem/ruby/2.1.0/bundler/gems/test-kitchen-b575957073ed/lib/kitchen/instance.rb:401:in `action'
E, [2015-01-15T19:05:53.817785 #50497] ERROR -- Kitchen: /Users/apop/.chefdk/gem/ruby/2.1.0/bundler/gems/test-kitchen-b575957073ed/lib/kitchen/instance.rb:373:in `perform_action'
E, [2015-01-15T19:05:53.817795 #50497] ERROR -- Kitchen: /Users/apop/.chefdk/gem/ruby/2.1.0/bundler/gems/test-kitchen-b575957073ed/lib/kitchen/instance.rb:333:in `converge_action'
E, [2015-01-15T19:05:53.817805 #50497] ERROR -- Kitchen: /Users/apop/.chefdk/gem/ruby/2.1.0/bundler/gems/test-kitchen-b575957073ed/lib/kitchen/instance.rb:313:in `block in transition_to'
E, [2015-01-15T19:05:53.817815 #50497] ERROR -- Kitchen: /Users/apop/.chefdk/gem/ruby/2.1.0/bundler/gems/test-kitchen-b575957073ed/lib/kitchen/instance.rb:312:in `each'
E, [2015-01-15T19:05:53.817824 #50497] ERROR -- Kitchen: /Users/apop/.chefdk/gem/ruby/2.1.0/bundler/gems/test-kitchen-b575957073ed/lib/kitchen/instance.rb:312:in `transition_to'
E, [2015-01-15T19:05:53.817834 #50497] ERROR -- Kitchen: /Users/apop/.chefdk/gem/ruby/2.1.0/bundler/gems/test-kitchen-b575957073ed/lib/kitchen/instance.rb:138:in `converge'
E, [2015-01-15T19:05:53.817843 #50497] ERROR -- Kitchen: /Users/apop/.chefdk/gem/ruby/2.1.0/bundler/gems/test-kitchen-b575957073ed/lib/kitchen/command.rb:176:in `public_send'
E, [2015-01-15T19:05:53.817853 #50497] ERROR -- Kitchen: /Users/apop/.chefdk/gem/ruby/2.1.0/bundler/gems/test-kitchen-b575957073ed/lib/kitchen/command.rb:176:in `block (2 levels) in run_action'
E, [2015-01-15T19:05:53.817889 #50497] ERROR -- Kitchen: /Users/apop/.chefdk/gem/ruby/2.1.0/gems/logging-1.8.2/lib/logging/diagnostic_context.rb:323:in `call'
E, [2015-01-15T19:05:53.817907 #50497] ERROR -- Kitchen: /Users/apop/.chefdk/gem/ruby/2.1.0/gems/logging-1.8.2/lib/logging/diagnostic_context.rb:323:in `block in create_with_logging_context'
E, [2015-01-15T19:05:53.817919 #50497] ERROR -- Kitchen: ----------------------
I, [2015-01-15T19:07:26.052211 #50524]  INFO -- Kitchen: -----> Starting Kitchen (v1.3.0)
I, [2015-01-15T19:07:26.731806 #50524]  INFO -- Kitchen: -----> Converging <default-win>...
I, [2015-01-15T19:12:23.738421 #50524]  INFO -- Kitchen: -----> Kitchen is finished. (4m57.69s)
I, [2015-01-15T19:17:26.231362 #50657]  INFO -- Kitchen: -----> Starting Kitchen (v1.3.0)
I, [2015-01-15T19:17:26.946108 #50657]  INFO -- Kitchen: -----> Converging <default-win>...
I, [2015-01-15T19:18:20.540966 #50657]  INFO -- Kitchen: -----> Kitchen is finished. (0m54.31s)
I, [2015-01-15T23:14:58.417758 #50789]  INFO -- Kitchen: -----> Starting Kitchen (v1.3.0)
I, [2015-01-15T23:14:59.396717 #50789]  INFO -- Kitchen: -----> Converging <default-win>...
E, [2015-01-15T23:15:33.757774 #50789] ERROR -- Kitchen: ------Exception-------
E, [2015-01-15T23:15:33.757811 #50789] ERROR -- Kitchen: Class: Kitchen::ActionFailed
E, [2015-01-15T23:15:33.757832 #50789] ERROR -- Kitchen: Message: Failed to complete #converge action: [Transport WinRM exited (1) using shell [powershell] for
              command: [chef-client --local-mode --config /tmp/kitchen/client.rb --log_level info --chef-zero-port 8889 --json-attributes /tmp/kitchen/dna.json]
REMOTE ERROR:
]
E, [2015-01-15T23:15:33.757865 #50789] ERROR -- Kitchen: ---Nested Exception---
E, [2015-01-15T23:15:33.757885 #50789] ERROR -- Kitchen: Class: Kitchen::Transport::TransportFailed
E, [2015-01-15T23:15:33.757903 #50789] ERROR -- Kitchen: Message: Transport WinRM exited (1) using shell [powershell] for
              command: [chef-client --local-mode --config /tmp/kitchen/client.rb --log_level info --chef-zero-port 8889 --json-attributes /tmp/kitchen/dna.json]
REMOTE ERROR:

E, [2015-01-15T23:15:33.757934 #50789] ERROR -- Kitchen: ------Backtrace-------
E, [2015-01-15T23:15:33.757947 #50789] ERROR -- Kitchen: /Users/apop/.chefdk/gem/ruby/2.1.0/bundler/gems/test-kitchen-b575957073ed/lib/kitchen/transport/winrm.rb:55:in `execute'
E, [2015-01-15T23:15:33.757957 #50789] ERROR -- Kitchen: /Users/apop/.chefdk/gem/ruby/2.1.0/bundler/gems/test-kitchen-b575957073ed/lib/kitchen/driver/base.rb:74:in `block in converge'
E, [2015-01-15T23:15:33.757967 #50789] ERROR -- Kitchen: /Users/apop/.chefdk/gem/ruby/2.1.0/bundler/gems/test-kitchen-b575957073ed/lib/kitchen/transport/base.rb:73:in `connection'
E, [2015-01-15T23:15:33.757977 #50789] ERROR -- Kitchen: /Users/apop/.chefdk/gem/ruby/2.1.0/bundler/gems/test-kitchen-b575957073ed/lib/kitchen/driver/base.rb:68:in `converge'
E, [2015-01-15T23:15:33.757993 #50789] ERROR -- Kitchen: /Users/apop/.chefdk/gem/ruby/2.1.0/bundler/gems/kitchen-vagrant-246bfde2369b/lib/kitchen/driver/vagrant.rb:79:in `converge'
E, [2015-01-15T23:15:33.758003 #50789] ERROR -- Kitchen: /Users/apop/.chefdk/gem/ruby/2.1.0/bundler/gems/test-kitchen-b575957073ed/lib/kitchen/instance.rb:373:in `public_send'
E, [2015-01-15T23:15:33.758012 #50789] ERROR -- Kitchen: /Users/apop/.chefdk/gem/ruby/2.1.0/bundler/gems/test-kitchen-b575957073ed/lib/kitchen/instance.rb:373:in `block in perform_action'
E, [2015-01-15T23:15:33.758027 #50789] ERROR -- Kitchen: /Users/apop/.chefdk/gem/ruby/2.1.0/bundler/gems/test-kitchen-b575957073ed/lib/kitchen/instance.rb:437:in `call'
E, [2015-01-15T23:15:33.758036 #50789] ERROR -- Kitchen: /Users/apop/.chefdk/gem/ruby/2.1.0/bundler/gems/test-kitchen-b575957073ed/lib/kitchen/instance.rb:437:in `synchronize_or_call'
E, [2015-01-15T23:15:33.758049 #50789] ERROR -- Kitchen: /Users/apop/.chefdk/gem/ruby/2.1.0/bundler/gems/test-kitchen-b575957073ed/lib/kitchen/instance.rb:402:in `block in action'
E, [2015-01-15T23:15:33.758059 #50789] ERROR -- Kitchen: /opt/chefdk/embedded/lib/ruby/2.1.0/benchmark.rb:279:in `measure'
E, [2015-01-15T23:15:33.758084 #50789] ERROR -- Kitchen: /Users/apop/.chefdk/gem/ruby/2.1.0/bundler/gems/test-kitchen-b575957073ed/lib/kitchen/instance.rb:401:in `action'
E, [2015-01-15T23:15:33.758096 #50789] ERROR -- Kitchen: /Users/apop/.chefdk/gem/ruby/2.1.0/bundler/gems/test-kitchen-b575957073ed/lib/kitchen/instance.rb:373:in `perform_action'
E, [2015-01-15T23:15:33.758106 #50789] ERROR -- Kitchen: /Users/apop/.chefdk/gem/ruby/2.1.0/bundler/gems/test-kitchen-b575957073ed/lib/kitchen/instance.rb:333:in `converge_action'
E, [2015-01-15T23:15:33.758115 #50789] ERROR -- Kitchen: /Users/apop/.chefdk/gem/ruby/2.1.0/bundler/gems/test-kitchen-b575957073ed/lib/kitchen/instance.rb:313:in `block in transition_to'
E, [2015-01-15T23:15:33.758129 #50789] ERROR -- Kitchen: /Users/apop/.chefdk/gem/ruby/2.1.0/bundler/gems/test-kitchen-b575957073ed/lib/kitchen/instance.rb:312:in `each'
E, [2015-01-15T23:15:33.758139 #50789] ERROR -- Kitchen: /Users/apop/.chefdk/gem/ruby/2.1.0/bundler/gems/test-kitchen-b575957073ed/lib/kitchen/instance.rb:312:in `transition_to'
E, [2015-01-15T23:15:33.758150 #50789] ERROR -- Kitchen: /Users/apop/.chefdk/gem/ruby/2.1.0/bundler/gems/test-kitchen-b575957073ed/lib/kitchen/instance.rb:138:in `converge'
E, [2015-01-15T23:15:33.758164 #50789] ERROR -- Kitchen: /Users/apop/.chefdk/gem/ruby/2.1.0/bundler/gems/test-kitchen-b575957073ed/lib/kitchen/command.rb:176:in `public_send'
E, [2015-01-15T23:15:33.758173 #50789] ERROR -- Kitchen: /Users/apop/.chefdk/gem/ruby/2.1.0/bundler/gems/test-kitchen-b575957073ed/lib/kitchen/command.rb:176:in `block (2 levels) in run_action'
E, [2015-01-15T23:15:33.758188 #50789] ERROR -- Kitchen: /Users/apop/.chefdk/gem/ruby/2.1.0/gems/logging-1.8.2/lib/logging/diagnostic_context.rb:323:in `call'
E, [2015-01-15T23:15:33.758198 #50789] ERROR -- Kitchen: /Users/apop/.chefdk/gem/ruby/2.1.0/gems/logging-1.8.2/lib/logging/diagnostic_context.rb:323:in `block in create_with_logging_context'
E, [2015-01-15T23:15:33.758207 #50789] ERROR -- Kitchen: ----------------------
I, [2015-01-15T23:16:33.024840 #50881]  INFO -- Kitchen: -----> Starting Kitchen (v1.3.0)
I, [2015-01-15T23:16:33.542047 #50881]  INFO -- Kitchen: -----> Converging <default-win>...
E, [2015-01-15T23:17:19.763549 #50881] ERROR -- Kitchen: ------Exception-------
E, [2015-01-15T23:17:19.763581 #50881] ERROR -- Kitchen: Class: Kitchen::ActionFailed
E, [2015-01-15T23:17:19.763596 #50881] ERROR -- Kitchen: Message: Failed to complete #converge action: [Transport WinRM exited (1) using shell [powershell] for
              command: [chef-client --local-mode --config /tmp/kitchen/client.rb --log_level info --chef-zero-port 8889 --json-attributes /tmp/kitchen/dna.json]
REMOTE ERROR:
]
E, [2015-01-15T23:17:19.763608 #50881] ERROR -- Kitchen: ---Nested Exception---
E, [2015-01-15T23:17:19.763618 #50881] ERROR -- Kitchen: Class: Kitchen::Transport::TransportFailed
E, [2015-01-15T23:17:19.763628 #50881] ERROR -- Kitchen: Message: Transport WinRM exited (1) using shell [powershell] for
              command: [chef-client --local-mode --config /tmp/kitchen/client.rb --log_level info --chef-zero-port 8889 --json-attributes /tmp/kitchen/dna.json]
REMOTE ERROR:

E, [2015-01-15T23:17:19.763661 #50881] ERROR -- Kitchen: ------Backtrace-------
E, [2015-01-15T23:17:19.763671 #50881] ERROR -- Kitchen: /Users/apop/.chefdk/gem/ruby/2.1.0/bundler/gems/test-kitchen-b575957073ed/lib/kitchen/transport/winrm.rb:55:in `execute'
E, [2015-01-15T23:17:19.763682 #50881] ERROR -- Kitchen: /Users/apop/.chefdk/gem/ruby/2.1.0/bundler/gems/test-kitchen-b575957073ed/lib/kitchen/driver/base.rb:74:in `block in converge'
E, [2015-01-15T23:17:19.763692 #50881] ERROR -- Kitchen: /Users/apop/.chefdk/gem/ruby/2.1.0/bundler/gems/test-kitchen-b575957073ed/lib/kitchen/transport/base.rb:73:in `connection'
E, [2015-01-15T23:17:19.763702 #50881] ERROR -- Kitchen: /Users/apop/.chefdk/gem/ruby/2.1.0/bundler/gems/test-kitchen-b575957073ed/lib/kitchen/driver/base.rb:68:in `converge'
E, [2015-01-15T23:17:19.763712 #50881] ERROR -- Kitchen: /Users/apop/.chefdk/gem/ruby/2.1.0/bundler/gems/kitchen-vagrant-246bfde2369b/lib/kitchen/driver/vagrant.rb:79:in `converge'
E, [2015-01-15T23:17:19.763731 #50881] ERROR -- Kitchen: /Users/apop/.chefdk/gem/ruby/2.1.0/bundler/gems/test-kitchen-b575957073ed/lib/kitchen/instance.rb:373:in `public_send'
E, [2015-01-15T23:17:19.763743 #50881] ERROR -- Kitchen: /Users/apop/.chefdk/gem/ruby/2.1.0/bundler/gems/test-kitchen-b575957073ed/lib/kitchen/instance.rb:373:in `block in perform_action'
E, [2015-01-15T23:17:19.763753 #50881] ERROR -- Kitchen: /Users/apop/.chefdk/gem/ruby/2.1.0/bundler/gems/test-kitchen-b575957073ed/lib/kitchen/instance.rb:437:in `call'
E, [2015-01-15T23:17:19.763763 #50881] ERROR -- Kitchen: /Users/apop/.chefdk/gem/ruby/2.1.0/bundler/gems/test-kitchen-b575957073ed/lib/kitchen/instance.rb:437:in `synchronize_or_call'
E, [2015-01-15T23:17:19.763773 #50881] ERROR -- Kitchen: /Users/apop/.chefdk/gem/ruby/2.1.0/bundler/gems/test-kitchen-b575957073ed/lib/kitchen/instance.rb:402:in `block in action'
E, [2015-01-15T23:17:19.763782 #50881] ERROR -- Kitchen: /opt/chefdk/embedded/lib/ruby/2.1.0/benchmark.rb:279:in `measure'
E, [2015-01-15T23:17:19.763792 #50881] ERROR -- Kitchen: /Users/apop/.chefdk/gem/ruby/2.1.0/bundler/gems/test-kitchen-b575957073ed/lib/kitchen/instance.rb:401:in `action'
E, [2015-01-15T23:17:19.763802 #50881] ERROR -- Kitchen: /Users/apop/.chefdk/gem/ruby/2.1.0/bundler/gems/test-kitchen-b575957073ed/lib/kitchen/instance.rb:373:in `perform_action'
E, [2015-01-15T23:17:19.763811 #50881] ERROR -- Kitchen: /Users/apop/.chefdk/gem/ruby/2.1.0/bundler/gems/test-kitchen-b575957073ed/lib/kitchen/instance.rb:333:in `converge_action'
E, [2015-01-15T23:17:19.763821 #50881] ERROR -- Kitchen: /Users/apop/.chefdk/gem/ruby/2.1.0/bundler/gems/test-kitchen-b575957073ed/lib/kitchen/instance.rb:313:in `block in transition_to'
E, [2015-01-15T23:17:19.763831 #50881] ERROR -- Kitchen: /Users/apop/.chefdk/gem/ruby/2.1.0/bundler/gems/test-kitchen-b575957073ed/lib/kitchen/instance.rb:312:in `each'
E, [2015-01-15T23:17:19.763854 #50881] ERROR -- Kitchen: /Users/apop/.chefdk/gem/ruby/2.1.0/bundler/gems/test-kitchen-b575957073ed/lib/kitchen/instance.rb:312:in `transition_to'
E, [2015-01-15T23:17:19.763863 #50881] ERROR -- Kitchen: /Users/apop/.chefdk/gem/ruby/2.1.0/bundler/gems/test-kitchen-b575957073ed/lib/kitchen/instance.rb:138:in `converge'
E, [2015-01-15T23:17:19.763873 #50881] ERROR -- Kitchen: /Users/apop/.chefdk/gem/ruby/2.1.0/bundler/gems/test-kitchen-b575957073ed/lib/kitchen/command.rb:176:in `public_send'
E, [2015-01-15T23:17:19.763883 #50881] ERROR -- Kitchen: /Users/apop/.chefdk/gem/ruby/2.1.0/bundler/gems/test-kitchen-b575957073ed/lib/kitchen/command.rb:176:in `block (2 levels) in run_action'
E, [2015-01-15T23:17:19.763892 #50881] ERROR -- Kitchen: /Users/apop/.chefdk/gem/ruby/2.1.0/gems/logging-1.8.2/lib/logging/diagnostic_context.rb:323:in `call'
E, [2015-01-15T23:17:19.763902 #50881] ERROR -- Kitchen: /Users/apop/.chefdk/gem/ruby/2.1.0/gems/logging-1.8.2/lib/logging/diagnostic_context.rb:323:in `block in create_with_logging_context'
E, [2015-01-15T23:17:19.763911 #50881] ERROR -- Kitchen: ----------------------
I, [2015-01-15T23:17:35.387566 #50909]  INFO -- Kitchen: -----> Starting Kitchen (v1.3.0)
I, [2015-01-15T23:17:35.891650 #50909]  INFO -- Kitchen: -----> Destroying <default-win>...
I, [2015-01-15T23:17:40.664618 #50909]  INFO -- Kitchen: -----> Kitchen is finished. (0m5.28s)
I, [2015-01-15T23:17:43.263915 #50958]  INFO -- Kitchen: -----> Starting Kitchen (v1.3.0)
I, [2015-01-15T23:17:43.773472 #50958]  INFO -- Kitchen: -----> Creating <default-win>...
I, [2015-01-15T23:19:08.798914 #50958]  INFO -- Kitchen: -----> Converging <default-win>...
I, [2015-01-15T23:21:34.406558 #50958]  INFO -- Kitchen: -----> Kitchen is finished. (3m51.14s)
I, [2015-01-15T23:24:00.955500 #53446]  INFO -- Kitchen: -----> Starting Kitchen (v1.3.0)
I, [2015-01-15T23:24:01.803989 #53446]  INFO -- Kitchen: -----> Converging <default-win>...
I, [2015-01-15T23:24:29.948383 #53446]  INFO -- Kitchen: -----> Kitchen is finished. (0m28.99s)
